<?xml version="1.0" encoding="UTF-8"?>
<!-- Generated by org.testng.reporters.JUnitReportReporter -->
<testsuite hostname="LAPTOP-QFL2FJJH" failures="0" tests="2" name="Demo.restAssuredBasic.DynamicJson" time="2.072" errors="0" timestamp="21 Sep 2021 05:16:46 GMT" skipped="1">
  <testcase classname="Demo.restAssuredBasic.DynamicJson" name="addBookToLibraryUsingExternalJsonFile" time="2.072"/>
  <testcase classname="Demo.restAssuredBasic.DynamicJson" name="addBookToLibraryUsingParametrization">
    <skipped/>
  </testcase> <!-- addBookToLibraryUsingParametrization -->
</testsuite> <!-- Demo.restAssuredBasic.DynamicJson -->
