<?xml version="1.0" encoding="UTF-8"?>
<!-- Generated by org.testng.reporters.JUnitReportReporter -->
<testsuite hostname="LAPTOP-QFL2FJJH" failures="0" tests="2" name="Demo.restAssuredBasic.Demo" time="9.612" errors="0" timestamp="19 Sep 2021 15:19:54 GMT" skipped="0">
  <testcase classname="Demo.restAssuredBasic.Demo" name="postData" time="6.945"/>
  <testcase classname="Demo.restAssuredBasic.Demo" name="updateData" time="2.667"/>
</testsuite> <!-- Demo.restAssuredBasic.Demo -->
