<?xml version="1.0" encoding="UTF-8"?>
<!-- Generated by org.testng.reporters.JUnitReportReporter -->
<testsuite hostname="LAPTOP-QFL2FJJH" failures="0" tests="5" name="JiraRestAPIs.Demo" time="2.303" errors="0" timestamp="27 Sep 2021 04:57:18 GMT" skipped="0">
  <testcase classname="JiraRestAPIs.Demo" name="addAttachements" time="0.196"/>
  <testcase classname="JiraRestAPIs.Demo" name="addComment" time="0.112"/>
  <testcase classname="JiraRestAPIs.Demo" name="getIssue" time="0.042"/>
  <testcase classname="JiraRestAPIs.Demo" name="authenticateJira" time="1.736"/>
  <testcase classname="JiraRestAPIs.Demo" name="createIssueInJira" time="0.217"/>
</testsuite> <!-- JiraRestAPIs.Demo -->
